<?xml version="1.0" encoding="UTF-8"?>
<!-- Generated by org.testng.reporters.JUnitReportReporter -->
<testsuite skipped="0" hostname="manipanjala-PC" name="com.JavaPractice.LoginPageTestCase" tests="1" failures="0" timestamp="23 Jun 2020 07:18:57 GMT" time="13.238" errors="0">
  <testcase name="LoginTest" time="13.238" classname="com.JavaPractice.LoginPageTestCase"/>
</testsuite> <!-- com.JavaPractice.LoginPageTestCase -->
