<?xml version="1.0" encoding="UTF-8"?>
<!-- Generated by org.testng.reporters.JUnitReportReporter -->
<testsuite skipped="0" hostname="manipanjala-PC" name="com.JavaPractice.AdminModule" tests="1" failures="0" timestamp="01 Jun 2020 06:53:29 GMT" time="18.650" errors="0">
  <testcase name="click" time="18.650" classname="com.JavaPractice.AdminModule"/>
</testsuite> <!-- com.JavaPractice.AdminModule -->
