<?xml version="1.0" encoding="UTF-8"?>
<!-- Generated by org.testng.reporters.JUnitReportReporter -->
<testsuite skipped="0" hostname="manipanjala-PC" name="com.JavaPractice.PayGradeTestCase" tests="1" failures="0" timestamp="23 Jun 2020 07:18:57 GMT" time="34.870" errors="0">
  <testcase name="PayGradeTest" time="34.870" classname="com.JavaPractice.PayGradeTestCase"/>
</testsuite> <!-- com.JavaPractice.PayGradeTestCase -->
