<?xml version="1.0" encoding="UTF-8"?>
<!-- Generated by org.testng.reporters.JUnitReportReporter -->
<testsuite skipped="0" hostname="manipanjala-PC" name="com.JavaPractice.JobCatagoriesTestCase" tests="1" failures="0" timestamp="23 Jun 2020 07:18:57 GMT" time="4.935" errors="0">
  <testcase name="JobCatagoryTest" time="4.935" classname="com.JavaPractice.JobCatagoriesTestCase"/>
</testsuite> <!-- com.JavaPractice.JobCatagoriesTestCase -->
