<?xml version="1.0" encoding="UTF-8"?>
<!-- Generated by org.testng.reporters.JUnitReportReporter -->
<testsuite skipped="0" hostname="manipanjala-PC" name="com.JavaPractice.EditEmployeeListTestcase" tests="1" failures="0" timestamp="02 Jun 2020 07:42:26 GMT" time="24.013" errors="0">
  <testcase name="Employee" time="24.013" classname="com.JavaPractice.EditEmployeeListTestcase"/>
</testsuite> <!-- com.JavaPractice.EditEmployeeListTestcase -->
