<?xml version="1.0" encoding="UTF-8"?>
<!-- Generated by org.testng.reporters.JUnitReportReporter -->
<testsuite skipped="0" hostname="manipanjala-PC" name="com.JavaPractice.UserManagementTestCase" tests="1" failures="0" timestamp="23 Jun 2020 07:18:57 GMT" time="5.060" errors="0">
  <testcase name="HomePageTest" time="5.060" classname="com.JavaPractice.UserManagementTestCase"/>
</testsuite> <!-- com.JavaPractice.UserManagementTestCase -->
