<?xml version="1.0" encoding="UTF-8"?>
<!-- Generated by org.testng.reporters.JUnitReportReporter -->
<testsuite skipped="0" hostname="manipanjala-PC" name="com.JavaPractice.WorkShiftsTestcase" tests="1" failures="0" timestamp="23 Jun 2020 07:18:57 GMT" time="5.503" errors="0">
  <testcase name="workshiftsTest" time="5.503" classname="com.JavaPractice.WorkShiftsTestcase"/>
</testsuite> <!-- com.JavaPractice.WorkShiftsTestcase -->
