<?xml version="1.0" encoding="UTF-8"?>
<!-- Generated by org.testng.reporters.JUnitReportReporter -->
<testsuite skipped="0" hostname="manipanjala-PC" name="com.JavaPractice.JobTestcase" tests="1" failures="0" timestamp="23 Jun 2020 07:18:57 GMT" time="4.751" errors="0">
  <testcase name="JobTest" time="4.751" classname="com.JavaPractice.JobTestcase"/>
</testsuite> <!-- com.JavaPractice.JobTestcase -->
