<?xml version="1.0" encoding="UTF-8"?>
<!-- Generated by org.testng.reporters.JUnitReportReporter -->
<testsuite skipped="0" hostname="manipanjala-PC" name="com.JavaPractice.EmploymentStatusTestCase" tests="1" failures="0" timestamp="23 Jun 2020 07:18:57 GMT" time="3.410" errors="0">
  <testcase name="EmploymentStatusTest" time="3.410" classname="com.JavaPractice.EmploymentStatusTestCase"/>
</testsuite> <!-- com.JavaPractice.EmploymentStatusTestCase -->
