<?xml version="1.0" encoding="UTF-8"?>
<!-- Generated by org.testng.reporters.JUnitReportReporter -->
<testsuite skipped="0" hostname="manipanjala-PC" name="com.JavaPractice.PimtestCase" tests="1" failures="0" timestamp="23 Jun 2020 07:18:57 GMT" time="10.493" errors="0">
  <testcase name="PimTest" time="10.493" classname="com.JavaPractice.PimtestCase"/>
</testsuite> <!-- com.JavaPractice.PimtestCase -->
