<?xml version="1.0" encoding="UTF-8"?>
<!-- Generated by org.testng.reporters.JUnitReportReporter -->
<testsuite skipped="0" hostname="manipanjala-PC" name="com.JavaPractice.LoginPageTestCase" tests="2" failures="0" timestamp="10 Jun 2020 07:32:45 GMT" time="12.023" errors="0">
  <testcase name="Reports" time="1.579" classname="com.JavaPractice.LoginPageTestCase"/>
  <testcase name="Credentials" time="10.444" classname="com.JavaPractice.LoginPageTestCase"/>
</testsuite> <!-- com.JavaPractice.LoginPageTestCase -->
