<?xml version="1.0" encoding="UTF-8"?>
<!-- Generated by org.testng.reporters.JUnitReportReporter -->
<testsuite skipped="0" hostname="manipanjala-PC" name="com.JavaPractice.UserManagementTestCase" tests="2" failures="0" timestamp="10 Jun 2020 07:32:45 GMT" time="7.420" errors="0">
  <testcase name="HomePage" time="7.297" classname="com.JavaPractice.UserManagementTestCase"/>
  <testcase name="Reports" time="0.123" classname="com.JavaPractice.UserManagementTestCase"/>
</testsuite> <!-- com.JavaPractice.UserManagementTestCase -->
