<?xml version="1.0" encoding="UTF-8"?>
<!-- Generated by org.testng.reporters.JUnitReportReporter -->
<testsuite skipped="0" hostname="manipanjala-PC" name="com.JavaPractice.PayGradeTestCase" tests="1" failures="0" timestamp="10 Jun 2020 07:32:45 GMT" time="35.756" errors="0">
  <testcase name="method" time="35.756" classname="com.JavaPractice.PayGradeTestCase"/>
</testsuite> <!-- com.JavaPractice.PayGradeTestCase -->
