<?xml version="1.0" encoding="UTF-8"?>
<!-- Generated by org.testng.reporters.JUnitReportReporter -->
<testsuite skipped="0" hostname="manipanjala-PC" name="com.JavaPractice.JobTestcase" tests="1" failures="0" timestamp="10 Jun 2020 07:32:45 GMT" time="9.121" errors="0">
  <testcase name="click" time="9.121" classname="com.JavaPractice.JobTestcase"/>
</testsuite> <!-- com.JavaPractice.JobTestcase -->
