<?xml version="1.0" encoding="UTF-8"?>
<!-- Generated by org.testng.reporters.JUnitReportReporter -->
<testsuite skipped="0" hostname="manipanjala-PC" name="com.JavaPractice.EmploymentStatusTestCase" tests="1" failures="0" timestamp="10 Jun 2020 07:32:45 GMT" time="4.461" errors="0">
  <testcase name="ClickOnEmploymentStatus" time="4.461" classname="com.JavaPractice.EmploymentStatusTestCase"/>
</testsuite> <!-- com.JavaPractice.EmploymentStatusTestCase -->
