<?xml version="1.0" encoding="UTF-8"?>
<!-- Generated by org.testng.reporters.JUnitReportReporter -->
<testsuite skipped="0" hostname="manipanjala-PC" name="com.JavaPractice.OrganisationTestCase" tests="1" failures="0" timestamp="10 Jun 2020 07:32:45 GMT" time="6.793" errors="0">
  <testcase name="OrganisationMethod" time="6.793" classname="com.JavaPractice.OrganisationTestCase"/>
</testsuite> <!-- com.JavaPractice.OrganisationTestCase -->
